<?xml version="1.0" encoding="UTF-8"?>
<testsuite xmlns:xsi="http://www.w3.org/2001/XMLSchema-instance" xsi:noNamespaceSchemaLocation="https://maven.apache.org/surefire/maven-surefire-plugin/xsd/surefire-test-report.xsd" name="net.guides.springboot2.springboot2jpacrudexample.ApplicationTests" time="0.375" tests="1" errors="1" skipped="0" failures="0">
  <properties>
[...]
</properties>
  <testcase name="initializationError" classname="net.guides.springboot2.springboot2jpacrudexample.ApplicationTests" time="0.006">
    <error message="Unable to find a @SpringBootConfiguration, you need to use @ContextConfiguration or @SpringBootTest(classes=...) with your test" type="java.lang.IllegalStateException">java.lang.IllegalStateException: Unable to find a @SpringBootConfiguration, you need to use @ContextConfiguration or @SpringBootTest(classes=...) with your test
</error>
    <system-out><![CDATA[17:07:05.324 [main] DEBUG org.springframework.test.context.junit4.SpringJUnit4ClassRunner - SpringJUnit4ClassRunner constructor called with [class net.guides.springboot2.springboot2jpacrudexample.ApplicationTests]
17:07:05.327 [main] DEBUG org.springframework.test.context.BootstrapUtils - Instantiating CacheAwareContextLoaderDelegate from class [org.springframework.test.context.cache.DefaultCacheAwareContextLoaderDelegate]
17:07:05.334 [main] DEBUG org.springframework.test.context.BootstrapUtils - Instantiating BootstrapContext using constructor [public org.springframework.test.context.support.DefaultBootstrapContext(java.lang.Class,org.springframework.test.context.CacheAwareContextLoaderDelegate)]
17:07:05.348 [main] DEBUG org.springframework.test.context.BootstrapUtils - Instantiating TestContextBootstrapper for test class [net.guides.springboot2.springboot2jpacrudexample.ApplicationTests] from class [org.springframework.boot.test.context.SpringBootTestContextBootstrapper]
17:07:05.358 [main] INFO org.springframework.boot.test.context.SpringBootTestContextBootstrapper - Neither @ContextConfiguration nor @ContextHierarchy found for test class [net.guides.springboot2.springboot2jpacrudexample.ApplicationTests], using SpringBootContextLoader
17:07:05.360 [main] DEBUG org.springframework.test.context.support.AbstractContextLoader - Did not detect default resource location for test class [net.guides.springboot2.springboot2jpacrudexample.ApplicationTests]: class path resource [net/guides/springboot2/springboot2jpacrudexample/ApplicationTests-context.xml] does not exist
17:07:05.375 [main] DEBUG org.springframework.test.context.support.AbstractContextLoader - Did not detect default resource location for test class [net.guides.springboot2.springboot2jpacrudexample.ApplicationTests]: class path resource [net/guides/springboot2/springboot2jpacrudexample/ApplicationTestsContext.groovy] does not exist
17:07:05.375 [main] INFO org.springframework.test.context.support.AbstractContextLoader - Could not detect default resource locations for test class [net.guides.springboot2.springboot2jpacrudexample.ApplicationTests]: no resource found for suffixes {-context.xml, Context.groovy}.
17:07:05.376 [main] INFO org.springframework.test.context.support.AnnotationConfigContextLoaderUtils - Could not detect default configuration classes for test class [net.guides.springboot2.springboot2jpacrudexample.ApplicationTests]: ApplicationTests does not declare any static, non-private, non-final, nested classes annotated with @Configuration.
17:07:05.405 [main] DEBUG org.springframework.test.context.support.ActiveProfilesUtils - Could not find an 'annotation declaring class' for annotation type [org.springframework.test.context.ActiveProfiles] and class [net.guides.springboot2.springboot2jpacrudexample.ApplicationTests]
17:07:05.421 [main] DEBUG org.springframework.core.env.StandardEnvironment - Adding PropertySource 'systemProperties' with lowest search precedence
17:07:05.421 [main] DEBUG org.springframework.core.env.StandardEnvironment - Adding PropertySource 'systemEnvironment' with lowest search precedence
17:07:05.423 [main] DEBUG org.springframework.core.env.StandardEnvironment - Initialized StandardEnvironment with PropertySources [MapPropertySource@1932831450 {name='systemProperties', properties={sun.desktop=gnome, awt.toolkit=sun.awt.X11.XToolkit, java.specification.version=11, sun.cpu.isalist=, sun.jnu.encoding=UTF-8, java.class.path=/home/albaalvarez/Documents/santander/desarrollos/micro darwin/crud-easy/target/test-classes:/home/albaalvarez/Documents/santander/desarrollos/micro darwin/crud-easy/target/classes:/home/albaalvarez/.m2/repository/org/springframework/boot/spring-boot-starter-data-jpa/2.0.5.RELEASE/spring-boot-starter-data-jpa-2.0.5.RELEASE.jar:/home/albaalvarez/.m2/repository/org/springframework/boot/spring-boot-starter/2.0.5.RELEASE/spring-boot-starter-2.0.5.RELEASE.jar:/home/albaalvarez/.m2/repository/org/springframework/boot/spring-boot-starter-logging/2.0.5.RELEASE/spring-boot-starter-logging-2.0.5.RELEASE.jar:/home/albaalvarez/.m2/repository/ch/qos/logback/logback-classic/1.2.3/logback-classic-1.2.3.jar:/home/albaalvarez/.m2/repository/ch/qos/logback/logback-core/1.2.3/logback-core-1.2.3.jar:/home/albaalvarez/.m2/repository/org/apache/logging/log4j/log4j-to-slf4j/2.10.0/log4j-to-slf4j-2.10.0.jar:/home/albaalvarez/.m2/repository/org/apache/logging/log4j/log4j-api/2.10.0/log4j-api-2.10.0.jar:/home/albaalvarez/.m2/repository/org/slf4j/jul-to-slf4j/1.7.25/jul-to-slf4j-1.7.25.jar:/home/albaalvarez/.m2/repository/javax/annotation/javax.annotation-api/1.3.2/javax.annotation-api-1.3.2.jar:/home/albaalvarez/.m2/repository/org/yaml/snakeyaml/1.19/snakeyaml-1.19.jar:/home/albaalvarez/.m2/repository/org/springframework/boot/spring-boot-starter-aop/2.0.5.RELEASE/spring-boot-starter-aop-2.0.5.RELEASE.jar:/home/albaalvarez/.m2/repository/org/springframework/spring-aop/5.0.9.RELEASE/spring-aop-5.0.9.RELEASE.jar:/home/albaalvarez/.m2/repository/org/aspectj/aspectjweaver/1.8.13/aspectjweaver-1.8.13.jar:/home/albaalvarez/.m2/repository/org/springframework/boot/spring-boot-starter-jdbc/2.0.5.RELEASE/spring-boot-starter-jdbc-2.0.5.RELEASE.jar:/home/albaalvarez/.m2/repository/com/zaxxer/HikariCP/2.7.9/HikariCP-2.7.9.jar:/home/albaalvarez/.m2/repository/org/springframework/spring-jdbc/5.0.9.RELEASE/spring-jdbc-5.0.9.RELEASE.jar:/home/albaalvarez/.m2/repository/javax/transaction/javax.transaction-api/1.2/javax.transaction-api-1.2.jar:/home/albaalvarez/.m2/repository/org/hibernate/hibernate-core/5.2.17.Final/hibernate-core-5.2.17.Final.jar:/home/albaalvarez/.m2/repository/antlr/antlr/2.7.7/antlr-2.7.7.jar:/home/albaalvarez/.m2/repository/org/jboss/jandex/2.0.3.Final/jandex-2.0.3.Final.jar:/home/albaalvarez/.m2/repository/com/fasterxml/classmate/1.3.4/classmate-1.3.4.jar:/home/albaalvarez/.m2/repository/org/springframework/data/spring-data-jpa/2.0.10.RELEASE/spring-data-jpa-2.0.10.RELEASE.jar:/home/albaalvarez/.m2/repository/org/springframework/data/spring-data-commons/2.0.10.RELEASE/spring-data-commons-2.0.10.RELEASE.jar:/home/albaalvarez/.m2/repository/org/springframework/spring-orm/5.0.9.RELEASE/spring-orm-5.0.9.RELEASE.jar:/home/albaalvarez/.m2/repository/org/springframework/spring-context/5.0.9.RELEASE/spring-context-5.0.9.RELEASE.jar:/home/albaalvarez/.m2/repository/org/springframework/spring-tx/5.0.9.RELEASE/spring-tx-5.0.9.RELEASE.jar:/home/albaalvarez/.m2/repository/org/springframework/spring-beans/5.0.9.RELEASE/spring-beans-5.0.9.RELEASE.jar:/home/albaalvarez/.m2/repository/org/slf4j/slf4j-api/1.7.25/slf4j-api-1.7.25.jar:/home/albaalvarez/.m2/repository/org/springframework/spring-aspects/5.0.9.RELEASE/spring-aspects-5.0.9.RELEASE.jar:/home/albaalvarez/.m2/repository/org/springframework/boot/spring-boot-starter-web/2.0.5.RELEASE/spring-boot-starter-web-2.0.5.RELEASE.jar:/home/albaalvarez/.m2/repository/org/springframework/boot/spring-boot-starter-json/2.0.5.RELEASE/spring-boot-starter-json-2.0.5.RELEASE.jar:/home/albaalvarez/.m2/repository/com/fasterxml/jackson/core/jackson-databind/2.9.6/jackson-databind-2.9.6.jar:/home/albaalvarez/.m2/repository/com/fasterxml/jackson/core/jackson-annotations/2.9.0/jackson-annotations-2.9.0.jar:/home/albaalvarez/.m2/repository/com/fasterxml/jackson/core/jackson-core/2.9.6/jackson-core-2.9.6.jar:/home/albaalvarez/.m2/repository/com/fasterxml/jackson/datatype/jackson-datatype-jdk8/2.9.6/jackson-datatype-jdk8-2.9.6.jar:/home/albaalvarez/.m2/repository/com/fasterxml/jackson/datatype/jackson-datatype-jsr310/2.9.6/jackson-datatype-jsr310-2.9.6.jar:/home/albaalvarez/.m2/repository/com/fasterxml/jackson/module/jackson-module-parameter-names/2.9.6/jackson-module-parameter-names-2.9.6.jar:/home/albaalvarez/.m2/repository/org/springframework/boot/spring-boot-starter-tomcat/2.0.5.RELEASE/spring-boot-starter-tomcat-2.0.5.RELEASE.jar:/home/albaalvarez/.m2/repository/org/apache/tomcat/embed/tomcat-embed-core/8.5.34/tomcat-embed-core-8.5.34.jar:/home/albaalvarez/.m2/repository/org/apache/tomcat/embed/tomcat-embed-el/8.5.34/tomcat-embed-el-8.5.34.jar:/home/albaalvarez/.m2/repository/org/apache/tomcat/embed/tomcat-embed-websocket/8.5.34/tomcat-embed-websocket-8.5.34.jar:/home/albaalvarez/.m2/repository/org/hibernate/validator/hibernate-validator/6.0.12.Final/hibernate-validator-6.0.12.Final.jar:/home/albaalvarez/.m2/repository/javax/validation/validation-api/2.0.1.Final/validation-api-2.0.1.Final.jar:/home/albaalvarez/.m2/repository/org/springframework/spring-web/5.0.9.RELEASE/spring-web-5.0.9.RELEASE.jar:/home/albaalvarez/.m2/repository/org/springframework/spring-webmvc/5.0.9.RELEASE/spring-webmvc-5.0.9.RELEASE.jar:/home/albaalvarez/.m2/repository/org/springframework/spring-expression/5.0.9.RELEASE/spring-expression-5.0.9.RELEASE.jar:/home/albaalvarez/.m2/repository/org/springframework/boot/spring-boot-devtools/2.0.5.RELEASE/spring-boot-devtools-2.0.5.RELEASE.jar:/home/albaalvarez/.m2/repository/org/springframework/boot/spring-boot/2.0.5.RELEASE/spring-boot-2.0.5.RELEASE.jar:/home/albaalvarez/.m2/repository/org/springframework/boot/spring-boot-autoconfigure/2.0.5.RELEASE/spring-boot-autoconfigure-2.0.5.RELEASE.jar:/home/albaalvarez/.m2/repository/mysql/mysql-connector-java/5.1.47/mysql-connector-java-5.1.47.jar:/home/albaalvarez/.m2/repository/org/springframework/boot/spring-boot-starter-test/2.0.5.RELEASE/spring-boot-starter-test-2.0.5.RELEASE.jar:/home/albaalvarez/.m2/repository/org/springframework/boot/spring-boot-test/2.0.5.RELEASE/spring-boot-test-2.0.5.RELEASE.jar:/home/albaalvarez/.m2/repository/org/springframework/boot/spring-boot-test-autoconfigure/2.0.5.RELEASE/spring-boot-test-autoconfigure-2.0.5.RELEASE.jar:/home/albaalvarez/.m2/repository/com/jayway/jsonpath/json-path/2.4.0/json-path-2.4.0.jar:/home/albaalvarez/.m2/repository/net/minidev/json-smart/2.3/json-smart-2.3.jar:/home/albaalvarez/.m2/repository/net/minidev/accessors-smart/1.2/accessors-smart-1.2.jar:/home/albaalvarez/.m2/repository/org/ow2/asm/asm/5.0.4/asm-5.0.4.jar:/home/albaalvarez/.m2/repository/junit/junit/4.12/junit-4.12.jar:/home/albaalvarez/.m2/repository/org/assertj/assertj-core/3.9.1/assertj-core-3.9.1.jar:/home/albaalvarez/.m2/repository/org/mockito/mockito-core/2.15.0/mockito-core-2.15.0.jar:/home/albaalvarez/.m2/repository/net/bytebuddy/byte-buddy/1.7.11/byte-buddy-1.7.11.jar:/home/albaalvarez/.m2/repository/net/bytebuddy/byte-buddy-agent/1.7.11/byte-buddy-agent-1.7.11.jar:/home/albaalvarez/.m2/repository/org/objenesis/objenesis/2.6/objenesis-2.6.jar:/home/albaalvarez/.m2/repository/org/hamcrest/hamcrest-core/1.3/hamcrest-core-1.3.jar:/home/albaalvarez/.m2/repository/org/hamcrest/hamcrest-library/1.3/hamcrest-library-1.3.jar:/home/albaalvarez/.m2/repository/org/skyscreamer/jsonassert/1.5.0/jsonassert-1.5.0.jar:/home/albaalvarez/.m2/repository/com/vaadin/external/google/android-json/0.0.20131108.vaadin1/android-json-0.0.20131108.vaadin1.jar:/home/albaalvarez/.m2/repository/org/springframework/spring-core/5.0.9.RELEASE/spring-core-5.0.9.RELEASE.jar:/home/albaalvarez/.m2/repository/org/springframework/spring-jcl/5.0.9.RELEASE/spring-jcl-5.0.9.RELEASE.jar:/home/albaalvarez/.m2/repository/org/springframework/spring-test/5.0.9.RELEASE/spring-test-5.0.9.RELEASE.jar:/home/albaalvarez/.m2/repository/org/xmlunit/xmlunit-core/2.5.1/xmlunit-core-2.5.1.jar:/home/albaalvarez/.m2/repository/org/hibernate/hibernate-entitymanager/5.2.3.Final/hibernate-entitymanager-5.2.3.Final.jar:/home/albaalvarez/.m2/repository/org/jboss/logging/jboss-logging/3.3.2.Final/jboss-logging-3.3.2.Final.jar:/home/albaalvarez/.m2/repository/dom4j/dom4j/1.6.1/dom4j-1.6.1.jar:/home/albaalvarez/.m2/repository/org/hibernate/common/hibernate-commons-annotations/5.0.1.Final/hibernate-commons-annotations-5.0.1.Final.jar:/home/albaalvarez/.m2/repository/org/hibernate/javax/persistence/hibernate-jpa-2.1-api/1.0.2.Final/hibernate-jpa-2.1-api-1.0.2.Final.jar:/home/albaalvarez/.m2/repository/org/javassist/javassist/3.20.0-GA/javassist-3.20.0-GA.jar:/home/albaalvarez/.m2/repository/org/apache/geronimo/specs/geronimo-jta_1.1_spec/1.1.1/geronimo-jta_1.1_spec-1.1.1.jar:/home/albaalvarez/.m2/repository/javax/xml/bind/jaxb-api/2.3.1/jaxb-api-2.3.1.jar:/home/albaalvarez/.m2/repository/javax/activation/javax.activation-api/1.2.0/javax.activation-api-1.2.0.jar:, java.vm.vendor=Ubuntu, sun.arch.data.model=64, java.vendor.url=https://ubuntu.com/, user.timezone=Europe/Madrid, os.name=Linux, java.vm.specification.version=11, sun.java.launcher=SUN_STANDARD, user.country=US, sun.boot.library.path=/usr/lib/jvm/java-11-openjdk-amd64/lib, sun.java.command=/home/albaalvarez/Documents/santander/desarrollos/micro darwin/crud-easy/target/surefire/surefirebooter12554088818539838211.jar /home/albaalvarez/Documents/santander/desarrollos/micro darwin/crud-easy/target/surefire 2021-05-12T17-07-04_807-jvmRun1 surefire63381019464523689tmp surefire_014361725691796396831tmp, jdk.debug=release, surefire.test.class.path=/home/albaalvarez/Documents/santander/desarrollos/micro darwin/crud-easy/target/test-classes:/home/albaalvarez/Documents/santander/desarrollos/micro darwin/crud-easy/target/classes:/home/albaalvarez/.m2/repository/org/springframework/boot/spring-boot-starter-data-jpa/2.0.5.RELEASE/spring-boot-starter-data-jpa-2.0.5.RELEASE.jar:/home/albaalvarez/.m2/repository/org/springframework/boot/spring-boot-starter/2.0.5.RELEASE/spring-boot-starter-2.0.5.RELEASE.jar:/home/albaalvarez/.m2/repository/org/springframework/boot/spring-boot-starter-logging/2.0.5.RELEASE/spring-boot-starter-logging-2.0.5.RELEASE.jar:/home/albaalvarez/.m2/repository/ch/qos/logback/logback-classic/1.2.3/logback-classic-1.2.3.jar:/home/albaalvarez/.m2/repository/ch/qos/logback/logback-core/1.2.3/logback-core-1.2.3.jar:/home/albaalvarez/.m2/repository/org/apache/logging/log4j/log4j-to-slf4j/2.10.0/log4j-to-slf4j-2.10.0.jar:/home/albaalvarez/.m2/repository/org/apache/logging/log4j/log4j-api/2.10.0/log4j-api-2.10.0.jar:/home/albaalvarez/.m2/repository/org/slf4j/jul-to-slf4j/1.7.25/jul-to-slf4j-1.7.25.jar:/home/albaalvarez/.m2/repository/javax/annotation/javax.annotation-api/1.3.2/javax.annotation-api-1.3.2.jar:/home/albaalvarez/.m2/repository/org/yaml/snakeyaml/1.19/snakeyaml-1.19.jar:/home/albaalvarez/.m2/repository/org/springframework/boot/spring-boot-starter-aop/2.0.5.RELEASE/spring-boot-starter-aop-2.0.5.RELEASE.jar:/home/albaalvarez/.m2/repository/org/springframework/spring-aop/5.0.9.RELEASE/spring-aop-5.0.9.RELEASE.jar:/home/albaalvarez/.m2/repository/org/aspectj/aspectjweaver/1.8.13/aspectjweaver-1.8.13.jar:/home/albaalvarez/.m2/repository/org/springframework/boot/spring-boot-starter-jdbc/2.0.5.RELEASE/spring-boot-starter-jdbc-2.0.5.RELEASE.jar:/home/albaalvarez/.m2/repository/com/zaxxer/HikariCP/2.7.9/HikariCP-2.7.9.jar:/home/albaalvarez/.m2/repository/org/springframework/spring-jdbc/5.0.9.RELEASE/spring-jdbc-5.0.9.RELEASE.jar:/home/albaalvarez/.m2/repository/javax/transaction/javax.transaction-api/1.2/javax.transaction-api-1.2.jar:/home/albaalvarez/.m2/repository/org/hibernate/hibernate-core/5.2.17.Final/hibernate-core-5.2.17.Final.jar:/home/albaalvarez/.m2/repository/antlr/antlr/2.7.7/antlr-2.7.7.jar:/home/albaalvarez/.m2/repository/org/jboss/jandex/2.0.3.Final/jandex-2.0.3.Final.jar:/home/albaalvarez/.m2/repository/com/fasterxml/classmate/1.3.4/classmate-1.3.4.jar:/home/albaalvarez/.m2/repository/org/springframework/data/spring-data-jpa/2.0.10.RELEASE/spring-data-jpa-2.0.10.RELEASE.jar:/home/albaalvarez/.m2/repository/org/springframework/data/spring-data-commons/2.0.10.RELEASE/spring-data-commons-2.0.10.RELEASE.jar:/home/albaalvarez/.m2/repository/org/springframework/spring-orm/5.0.9.RELEASE/spring-orm-5.0.9.RELEASE.jar:/home/albaalvarez/.m2/repository/org/springframework/spring-context/5.0.9.RELEASE/spring-context-5.0.9.RELEASE.jar:/home/albaalvarez/.m2/repository/org/springframework/spring-tx/5.0.9.RELEASE/spring-tx-5.0.9.RELEASE.jar:/home/albaalvarez/.m2/repository/org/springframework/spring-beans/5.0.9.RELEASE/spring-beans-5.0.9.RELEASE.jar:/home/albaalvarez/.m2/repository/org/slf4j/slf4j-api/1.7.25/slf4j-api-1.7.25.jar:/home/albaalvarez/.m2/repository/org/springframework/spring-aspects/5.0.9.RELEASE/spring-aspects-5.0.9.RELEASE.jar:/home/albaalvarez/.m2/repository/org/springframework/boot/spring-boot-starter-web/2.0.5.RELEASE/spring-boot-starter-web-2.0.5.RELEASE.jar:/home/albaalvarez/.m2/repository/org/springframework/boot/spring-boot-starter-json/2.0.5.RELEASE/spring-boot-starter-json-2.0.5.RELEASE.jar:/home/albaalvarez/.m2/repository/com/fasterxml/jackson/core/jackson-databind/2.9.6/jackson-databind-2.9.6.jar:/home/albaalvarez/.m2/repository/com/fasterxml/jackson/core/jackson-annotations/2.9.0/jackson-annotations-2.9.0.jar:/home/albaalvarez/.m2/repository/com/fasterxml/jackson/core/jackson-core/2.9.6/jackson-core-2.9.6.jar:/home/albaalvarez/.m2/repository/com/fasterxml/jackson/datatype/jackson-datatype-jdk8/2.9.6/jackson-datatype-jdk8-2.9.6.jar:/home/albaalvarez/.m2/repository/com/fasterxml/jackson/datatype/jackson-datatype-jsr310/2.9.6/jackson-datatype-jsr310-2.9.6.jar:/home/albaalvarez/.m2/repository/com/fasterxml/jackson/module/jackson-module-parameter-names/2.9.6/jackson-module-parameter-names-2.9.6.jar:/home/albaalvarez/.m2/repository/org/springframework/boot/spring-boot-starter-tomcat/2.0.5.RELEASE/spring-boot-starter-tomcat-2.0.5.RELEASE.jar:/home/albaalvarez/.m2/repository/org/apache/tomcat/embed/tomcat-embed-core/8.5.34/tomcat-embed-core-8.5.34.jar:/home/albaalvarez/.m2/repository/org/apache/tomcat/embed/tomcat-embed-el/8.5.34/tomcat-embed-el-8.5.34.jar:/home/albaalvarez/.m2/repository/org/apache/tomcat/embed/tomcat-embed-websocket/8.5.34/tomcat-embed-websocket-8.5.34.jar:/home/albaalvarez/.m2/repository/org/hibernate/validator/hibernate-validator/6.0.12.Final/hibernate-validator-6.0.12.Final.jar:/home/albaalvarez/.m2/repository/javax/validation/validation-api/2.0.1.Final/validation-api-2.0.1.Final.jar:/home/albaalvarez/.m2/repository/org/springframework/spring-web/5.0.9.RELEASE/spring-web-5.0.9.RELEASE.jar:/home/albaalvarez/.m2/repository/org/springframework/spring-webmvc/5.0.9.RELEASE/spring-webmvc-5.0.9.RELEASE.jar:/home/albaalvarez/.m2/repository/org/springframework/spring-expression/5.0.9.RELEASE/spring-expression-5.0.9.RELEASE.jar:/home/albaalvarez/.m2/repository/org/springframework/boot/spring-boot-devtools/2.0.5.RELEASE/spring-boot-devtools-2.0.5.RELEASE.jar:/home/albaalvarez/.m2/repository/org/springframework/boot/spring-boot/2.0.5.RELEASE/spring-boot-2.0.5.RELEASE.jar:/home/albaalvarez/.m2/repository/org/springframework/boot/spring-boot-autoconfigure/2.0.5.RELEASE/spring-boot-autoconfigure-2.0.5.RELEASE.jar:/home/albaalvarez/.m2/repository/mysql/mysql-connector-java/5.1.47/mysql-connector-java-5.1.47.jar:/home/albaalvarez/.m2/repository/org/springframework/boot/spring-boot-starter-test/2.0.5.RELEASE/spring-boot-starter-test-2.0.5.RELEASE.jar:/home/albaalvarez/.m2/repository/org/springframework/boot/spring-boot-test/2.0.5.RELEASE/spring-boot-test-2.0.5.RELEASE.jar:/home/albaalvarez/.m2/repository/org/springframework/boot/spring-boot-test-autoconfigure/2.0.5.RELEASE/spring-boot-test-autoconfigure-2.0.5.RELEASE.jar:/home/albaalvarez/.m2/repository/com/jayway/jsonpath/json-path/2.4.0/json-path-2.4.0.jar:/home/albaalvarez/.m2/repository/net/minidev/json-smart/2.3/json-smart-2.3.jar:/home/albaalvarez/.m2/repository/net/minidev/accessors-smart/1.2/accessors-smart-1.2.jar:/home/albaalvarez/.m2/repository/org/ow2/asm/asm/5.0.4/asm-5.0.4.jar:/home/albaalvarez/.m2/repository/junit/junit/4.12/junit-4.12.jar:/home/albaalvarez/.m2/repository/org/assertj/assertj-core/3.9.1/assertj-core-3.9.1.jar:/home/albaalvarez/.m2/repository/org/mockito/mockito-core/2.15.0/mockito-core-2.15.0.jar:/home/albaalvarez/.m2/repository/net/bytebuddy/byte-buddy/1.7.11/byte-buddy-1.7.11.jar:/home/albaalvarez/.m2/repository/net/bytebuddy/byte-buddy-agent/1.7.11/byte-buddy-agent-1.7.11.jar:/home/albaalvarez/.m2/repository/org/objenesis/objenesis/2.6/objenesis-2.6.jar:/home/albaalvarez/.m2/repository/org/hamcrest/hamcrest-core/1.3/hamcrest-core-1.3.jar:/home/albaalvarez/.m2/repository/org/hamcrest/hamcrest-library/1.3/hamcrest-library-1.3.jar:/home/albaalvarez/.m2/repository/org/skyscreamer/jsonassert/1.5.0/jsonassert-1.5.0.jar:/home/albaalvarez/.m2/repository/com/vaadin/external/google/android-json/0.0.20131108.vaadin1/android-json-0.0.20131108.vaadin1.jar:/home/albaalvarez/.m2/repository/org/springframework/spring-core/5.0.9.RELEASE/spring-core-5.0.9.RELEASE.jar:/home/albaalvarez/.m2/repository/org/springframework/spring-jcl/5.0.9.RELEASE/spring-jcl-5.0.9.RELEASE.jar:/home/albaalvarez/.m2/repository/org/springframework/spring-test/5.0.9.RELEASE/spring-test-5.0.9.RELEASE.jar:/home/albaalvarez/.m2/repository/org/xmlunit/xmlunit-core/2.5.1/xmlunit-core-2.5.1.jar:/home/albaalvarez/.m2/repository/org/hibernate/hibernate-entitymanager/5.2.3.Final/hibernate-entitymanager-5.2.3.Final.jar:/home/albaalvarez/.m2/repository/org/jboss/logging/jboss-logging/3.3.2.Final/jboss-logging-3.3.2.Final.jar:/home/albaalvarez/.m2/repository/dom4j/dom4j/1.6.1/dom4j-1.6.1.jar:/home/albaalvarez/.m2/repository/org/hibernate/common/hibernate-commons-annotations/5.0.1.Final/hibernate-commons-annotations-5.0.1.Final.jar:/home/albaalvarez/.m2/repository/org/hibernate/javax/persistence/hibernate-jpa-2.1-api/1.0.2.Final/hibernate-jpa-2.1-api-1.0.2.Final.jar:/home/albaalvarez/.m2/repository/org/javassist/javassist/3.20.0-GA/javassist-3.20.0-GA.jar:/home/albaalvarez/.m2/repository/org/apache/geronimo/specs/geronimo-jta_1.1_spec/1.1.1/geronimo-jta_1.1_spec-1.1.1.jar:/home/albaalvarez/.m2/repository/javax/xml/bind/jaxb-api/2.3.1/jaxb-api-2.3.1.jar:/home/albaalvarez/.m2/repository/javax/activation/javax.activation-api/1.2.0/javax.activation-api-1.2.0.jar:, sun.cpu.endian=little, user.home=/home/albaalvarez, user.language=en, java.specification.vendor=Oracle Corporation, java.version.date=2021-04-20, java.home=/usr/lib/jvm/java-11-openjdk-amd64, file.separator=/, basedir=/home/albaalvarez/Documents/santander/desarrollos/micro darwin/crud-easy, java.vm.compressedOopsMode=Zero based, line.separator=
, java.specification.name=Java Platform API Specification, java.vm.specification.vendor=Oracle Corporation, java.awt.graphicsenv=sun.awt.X11GraphicsEnvironment, surefire.real.class.path=/home/albaalvarez/Documents/santander/desarrollos/micro darwin/crud-easy/target/surefire/surefirebooter12554088818539838211.jar, sun.management.compiler=HotSpot 64-Bit Tiered Compilers, java.runtime.version=11.0.11+9-Ubuntu-0ubuntu2.20.04, user.name=albaalvarez, path.separator=:, os.version=5.8.0-53-generic, java.runtime.name=OpenJDK Runtime Environment, file.encoding=UTF-8, java.vm.name=OpenJDK 64-Bit Server VM, localRepository=/home/albaalvarez/.m2/repository, java.vendor.url.bug=https://bugs.launchpad.net/ubuntu/+source/openjdk-lts, java.io.tmpdir=/tmp, java.version=11.0.11, user.dir=/home/albaalvarez/Documents/santander/desarrollos/micro darwin/crud-easy, os.arch=amd64, java.vm.specification.name=Java Virtual Machine Specification, java.awt.printerjob=sun.print.PSPrinterJob, sun.os.patch.level=unknown, java.library.path=/usr/java/packages/lib:/usr/lib/x86_64-linux-gnu/jni:/lib/x86_64-linux-gnu:/usr/lib/x86_64-linux-gnu:/usr/lib/jni:/lib:/usr/lib, java.vm.info=mixed mode, sharing, java.vendor=Ubuntu, java.vm.version=11.0.11+9-Ubuntu-0ubuntu2.20.04, sun.io.unicode.encoding=UnicodeLittle, java.class.version=55.0}}, SystemEnvironmentPropertySource@496729294 {name='systemEnvironment', properties={PATH=/usr/local/sbin:/usr/local/bin:/usr/sbin:/usr/bin:/sbin:/bin:/usr/games:/usr/local/games:/snap/bin, LC_MEASUREMENT=es_ES.UTF-8, XAUTHORITY=/run/user/1001/gdm/Xauthority, INVOCATION_ID=eadcf9e15ef343f69c6d6fcd1416130d, XMODIFIERS=@im=ibus, LC_TELEPHONE=es_ES.UTF-8, XDG_DATA_DIRS=/usr/share/ubuntu:/usr/local/share/:/usr/share/:/var/lib/snapd/desktop, GDMSESSION=ubuntu, MANDATORY_PATH=/usr/share/gconf/ubuntu.mandatory.path, LC_TIME=es_ES.UTF-8, DBUS_SESSION_BUS_ADDRESS=unix:path=/run/user/1001/bus,guid=8bdd69f9013c48f1478b8804609b925a, VSCODE_GIT_IPC_HANDLE=/run/user/1001/vscode-git-e308f03780.sock, DEFAULTS_PATH=/usr/share/gconf/ubuntu.default.path, XDG_CURRENT_DESKTOP=Unity, JOURNAL_STREAM=8:45590, SSH_AGENT_PID=1796, COLORTERM=truecolor, LC_PAPER=es_ES.UTF-8, SESSION_MANAGER=local/ASUSVIVOBOOK08:@/tmp/.ICE-unix/1862,unix/ASUSVIVOBOOK08:/tmp/.ICE-unix/1862, USERNAME=albaalvarez, LOGNAME=albaalvarez, VSCODE_GIT_ASKPASS_NODE=/usr/share/code/code, PWD=/home/albaalvarez/Documents/santander/desarrollos/micro darwin/crud-easy, MANAGERPID=1607, TERM_PROGRAM_VERSION=1.55.2, IM_CONFIG_PHASE=1, GIT_ASKPASS=/usr/share/code/resources/app/extensions/git/dist/askpass.sh, SHELL=/bin/bash, LESSOPEN=| /usr/bin/lesspipe %s, CHROME_DESKTOP=code-url-handler.desktop, LC_ADDRESS=es_ES.UTF-8, GIO_LAUNCHED_DESKTOP_FILE=/usr/share/applications/code.desktop, OLDPWD=/home/albaalvarez/Documents/santander/desarrollos/micro darwin/crud-easy, ORIGINAL_XDG_CURRENT_DESKTOP=ubuntu:GNOME, GNOME_DESKTOP_SESSION_ID=this-is-deprecated, GTK_MODULES=gail:atk-bridge, DBUS_STARTER_ADDRESS=unix:path=/run/user/1001/bus,guid=8bdd69f9013c48f1478b8804609b925a, XDG_SESSION_DESKTOP=ubuntu, LS_COLORS=rs=0:di=01;34:ln=01;36:mh=00:pi=40;33:so=01;35:do=01;35:bd=40;33;01:cd=40;33;01:or=40;31;01:mi=00:su=37;41:sg=30;43:ca=30;41:tw=30;42:ow=34;42:st=37;44:ex=01;32:*.tar=01;31:*.tgz=01;31:*.arc=01;31:*.arj=01;31:*.taz=01;31:*.lha=01;31:*.lz4=01;31:*.lzh=01;31:*.lzma=01;31:*.tlz=01;31:*.txz=01;31:*.tzo=01;31:*.t7z=01;31:*.zip=01;31:*.z=01;31:*.dz=01;31:*.gz=01;31:*.lrz=01;31:*.lz=01;31:*.lzo=01;31:*.xz=01;31:*.zst=01;31:*.tzst=01;31:*.bz2=01;31:*.bz=01;31:*.tbz=01;31:*.tbz2=01;31:*.tz=01;31:*.deb=01;31:*.rpm=01;31:*.jar=01;31:*.war=01;31:*.ear=01;31:*.sar=01;31:*.rar=01;31:*.alz=01;31:*.ace=01;31:*.zoo=01;31:*.cpio=01;31:*.7z=01;31:*.rz=01;31:*.cab=01;31:*.wim=01;31:*.swm=01;31:*.dwm=01;31:*.esd=01;31:*.jpg=01;35:*.jpeg=01;35:*.mjpg=01;35:*.mjpeg=01;35:*.gif=01;35:*.bmp=01;35:*.pbm=01;35:*.pgm=01;35:*.ppm=01;35:*.tga=01;35:*.xbm=01;35:*.xpm=01;35:*.tif=01;35:*.tiff=01;35:*.png=01;35:*.svg=01;35:*.svgz=01;35:*.mng=01;35:*.pcx=01;35:*.mov=01;35:*.mpg=01;35:*.mpeg=01;35:*.m2v=01;35:*.mkv=01;35:*.webm=01;35:*.ogm=01;35:*.mp4=01;35:*.m4v=01;35:*.mp4v=01;35:*.vob=01;35:*.qt=01;35:*.nuv=01;35:*.wmv=01;35:*.asf=01;35:*.rm=01;35:*.rmvb=01;35:*.flc=01;35:*.avi=01;35:*.fli=01;35:*.flv=01;35:*.gl=01;35:*.dl=01;35:*.xcf=01;35:*.xwd=01;35:*.yuv=01;35:*.cgm=01;35:*.emf=01;35:*.ogv=01;35:*.ogx=01;35:*.aac=00;36:*.au=00;36:*.flac=00;36:*.m4a=00;36:*.mid=00;36:*.midi=00;36:*.mka=00;36:*.mp3=00;36:*.mpc=00;36:*.ogg=00;36:*.ra=00;36:*.wav=00;36:*.oga=00;36:*.opus=00;36:*.spx=00;36:*.xspf=00;36:, SHLVL=1, LC_IDENTIFICATION=es_ES.UTF-8, LESSCLOSE=/usr/bin/lesspipe %s %s, LC_MONETARY=es_ES.UTF-8, QT_IM_MODULE=ibus, TERM=xterm-256color, XDG_CONFIG_DIRS=/etc/xdg/xdg-ubuntu:/etc/xdg, LANG=en_US.UTF-8, XDG_SESSION_TYPE=x11, VSCODE_GIT_ASKPASS_MAIN=/usr/share/code/resources/app/extensions/git/dist/askpass-main.js, DISPLAY=:0, LC_NAME=es_ES.UTF-8, MAVEN_CMD_LINE_ARGS= -f pom.xml clean package, XDG_SESSION_CLASS=user, _=/usr/bin/mvn, TERM_PROGRAM=vscode, GPG_AGENT_INFO=/run/user/1001/gnupg/S.gpg-agent:0:1, MAVEN_PROJECTBASEDIR=/home/albaalvarez/Documents/santander/desarrollos/micro darwin/crud-easy, DESKTOP_SESSION=ubuntu, USER=albaalvarez, XDG_MENU_PREFIX=gnome-, GIO_LAUNCHED_DESKTOP_FILE_PID=14463, QT_ACCESSIBILITY=1, WINDOWPATH=2, LC_NUMERIC=es_ES.UTF-8, SSH_AUTH_SOCK=/run/user/1001/keyring/ssh, NO_AT_BRIDGE=1, GNOME_SHELL_SESSION_MODE=ubuntu, XDG_RUNTIME_DIR=/run/user/1001, DBUS_STARTER_BUS_TYPE=session, HOME=/home/albaalvarez}}]
17:07:05.443 [main] DEBUG org.springframework.core.io.support.PathMatchingResourcePatternResolver - Resolved classpath location [net/guides/springboot2/springboot2jpacrudexample/] to resources [URL [file:/home/albaalvarez/Documents/santander/desarrollos/micro%20darwin/crud-easy/target/test-classes/net/guides/springboot2/springboot2jpacrudexample/]]
17:07:05.445 [main] DEBUG org.springframework.core.io.support.PathMatchingResourcePatternResolver - Looking for matching resources in directory tree [/home/albaalvarez/Documents/santander/desarrollos/micro darwin/crud-easy/target/test-classes/net/guides/springboot2/springboot2jpacrudexample]
17:07:05.446 [main] DEBUG org.springframework.core.io.support.PathMatchingResourcePatternResolver - Searching directory [/home/albaalvarez/Documents/santander/desarrollos/micro darwin/crud-easy/target/test-classes/net/guides/springboot2/springboot2jpacrudexample] for files matching pattern [/home/albaalvarez/Documents/santander/desarrollos/micro darwin/crud-easy/target/test-classes/net/guides/springboot2/springboot2jpacrudexample/*.class]
17:07:05.449 [main] DEBUG org.springframework.core.io.support.PathMatchingResourcePatternResolver - Resolved location pattern [classpath*:net/guides/springboot2/springboot2jpacrudexample/*.class] to resources [file [/home/albaalvarez/Documents/santander/desarrollos/micro darwin/crud-easy/target/test-classes/net/guides/springboot2/springboot2jpacrudexample/ApplicationTests.class]]
17:07:05.462 [main] DEBUG org.springframework.core.io.support.PathMatchingResourcePatternResolver - Resolved classpath location [net/guides/springboot2/] to resources [URL [file:/home/albaalvarez/Documents/santander/desarrollos/micro%20darwin/crud-easy/target/test-classes/net/guides/springboot2/]]
17:07:05.463 [main] DEBUG org.springframework.core.io.support.PathMatchingResourcePatternResolver - Looking for matching resources in directory tree [/home/albaalvarez/Documents/santander/desarrollos/micro darwin/crud-easy/target/test-classes/net/guides/springboot2]
17:07:05.463 [main] DEBUG org.springframework.core.io.support.PathMatchingResourcePatternResolver - Searching directory [/home/albaalvarez/Documents/santander/desarrollos/micro darwin/crud-easy/target/test-classes/net/guides/springboot2] for files matching pattern [/home/albaalvarez/Documents/santander/desarrollos/micro darwin/crud-easy/target/test-classes/net/guides/springboot2/*.class]
17:07:05.467 [main] DEBUG org.springframework.core.io.support.PathMatchingResourcePatternResolver - Resolved location pattern [classpath*:net/guides/springboot2/*.class] to resources []
17:07:05.469 [main] DEBUG org.springframework.core.io.support.PathMatchingResourcePatternResolver - Resolved classpath location [net/guides/] to resources [URL [file:/home/albaalvarez/Documents/santander/desarrollos/micro%20darwin/crud-easy/target/test-classes/net/guides/]]
17:07:05.470 [main] DEBUG org.springframework.core.io.support.PathMatchingResourcePatternResolver - Looking for matching resources in directory tree [/home/albaalvarez/Documents/santander/desarrollos/micro darwin/crud-easy/target/test-classes/net/guides]
17:07:05.471 [main] DEBUG org.springframework.core.io.support.PathMatchingResourcePatternResolver - Searching directory [/home/albaalvarez/Documents/santander/desarrollos/micro darwin/crud-easy/target/test-classes/net/guides] for files matching pattern [/home/albaalvarez/Documents/santander/desarrollos/micro darwin/crud-easy/target/test-classes/net/guides/*.class]
17:07:05.472 [main] DEBUG org.springframework.core.io.support.PathMatchingResourcePatternResolver - Resolved location pattern [classpath*:net/guides/*.class] to resources []
17:07:05.474 [main] DEBUG org.springframework.core.io.support.PathMatchingResourcePatternResolver - Resolved classpath location [net/] to resources [URL [file:/home/albaalvarez/Documents/santander/desarrollos/micro%20darwin/crud-easy/target/test-classes/net/], URL [jar:file:/home/albaalvarez/.m2/repository/net/minidev/json-smart/2.3/json-smart-2.3.jar!/net/], URL [jar:file:/home/albaalvarez/.m2/repository/net/minidev/accessors-smart/1.2/accessors-smart-1.2.jar!/net/], URL [jar:file:/home/albaalvarez/.m2/repository/net/bytebuddy/byte-buddy/1.7.11/byte-buddy-1.7.11.jar!/net/], URL [jar:file:/home/albaalvarez/.m2/repository/net/bytebuddy/byte-buddy-agent/1.7.11/byte-buddy-agent-1.7.11.jar!/net/]]
17:07:05.474 [main] DEBUG org.springframework.core.io.support.PathMatchingResourcePatternResolver - Looking for matching resources in directory tree [/home/albaalvarez/Documents/santander/desarrollos/micro darwin/crud-easy/target/test-classes/net]
17:07:05.474 [main] DEBUG org.springframework.core.io.support.PathMatchingResourcePatternResolver - Searching directory [/home/albaalvarez/Documents/santander/desarrollos/micro darwin/crud-easy/target/test-classes/net] for files matching pattern [/home/albaalvarez/Documents/santander/desarrollos/micro darwin/crud-easy/target/test-classes/net/*.class]
17:07:05.476 [main] DEBUG org.springframework.core.io.support.PathMatchingResourcePatternResolver - Looking for matching resources in jar file [file:/home/albaalvarez/.m2/repository/net/minidev/json-smart/2.3/json-smart-2.3.jar]
17:07:05.485 [main] DEBUG org.springframework.core.io.support.PathMatchingResourcePatternResolver - Looking for matching resources in jar file [file:/home/albaalvarez/.m2/repository/net/minidev/accessors-smart/1.2/accessors-smart-1.2.jar]
17:07:05.486 [main] DEBUG org.springframework.core.io.support.PathMatchingResourcePatternResolver - Looking for matching resources in jar file [file:/home/albaalvarez/.m2/repository/net/bytebuddy/byte-buddy/1.7.11/byte-buddy-1.7.11.jar]
17:07:05.542 [main] DEBUG org.springframework.core.io.support.PathMatchingResourcePatternResolver - Looking for matching resources in jar file [file:/home/albaalvarez/.m2/repository/net/bytebuddy/byte-buddy-agent/1.7.11/byte-buddy-agent-1.7.11.jar]
17:07:05.546 [main] DEBUG org.springframework.core.io.support.PathMatchingResourcePatternResolver - Resolved location pattern [classpath*:net/*.class] to resources []
]]></system-out>
  </testcase>
</testsuite>